2025-10-13 12:03:33,042 - movie_and_series_watchlist_bot - INFO - Attempting to connect to the database 0/5
2025-10-13 12:03:33,125 - movie_and_series_watchlist_bot - ERROR - Stderr: C:\Users\user\Desktop\study\Movie_And_Series_Watchlist\.venv\Scripts\python.exe: No module named alembic.__main__; 'alembic' is a package and cannot be directly executed

2025-10-13 12:05:47,937 - movie_and_series_watchlist_bot - INFO - Attempting to connect to the database 0/5
2025-10-13 12:05:47,971 - movie_and_series_watchlist_bot - INFO - Connection to the database has been established successfully
2025-10-13 12:09:13,985 - movie_and_series_watchlist_bot - INFO - Attempting to connect to the database 1/5
2025-10-13 12:09:13,999 - movie_and_series_watchlist_bot - INFO - Connection to the database has been established successfully
2025-10-13 12:09:14,044 - movie_and_series_watchlist_bot - ERROR - Error applying migrations: Command '['C:\\Users\\user\\Desktop\\study\\Movie_And_Series_Watchlist\\.venv\\Scripts\\python.exe', '-m', 'alembic', 'upgrade', 'head']' returned non-zero exit status 1.
2025-10-13 12:09:14,044 - movie_and_series_watchlist_bot - ERROR - Stderr: C:\Users\user\Desktop\study\Movie_And_Series_Watchlist\.venv\Scripts\python.exe: No module named alembic.__main__; 'alembic' is a package and cannot be directly executed

2025-10-13 12:13:13,033 - movie_and_series_watchlist_bot - INFO - Attempting to connect to the database 1/5
2025-10-13 12:13:13,057 - movie_and_series_watchlist_bot - INFO - Connection to the database has been established successfully
2025-10-13 12:23:48,813 - movie_and_series_watchlist_bot - INFO - Attempting to connect to the database 1/5
2025-10-13 12:23:48,828 - movie_and_series_watchlist_bot - INFO - Connection to the database has been established successfully
2025-10-13 12:23:48,828 - movie_and_series_watchlist_bot - INFO - Attempting to run migrations
2025-10-13 12:25:56,155 - movie_and_series_watchlist_bot - INFO - Attempting to connect to the database 1/5
2025-10-13 12:25:56,168 - movie_and_series_watchlist_bot - INFO - Connection to the database has been established successfully
2025-10-13 12:25:56,168 - movie_and_series_watchlist_bot - INFO - Attempting to run migrations
2025-10-13 12:26:03,170 - movie_and_series_watchlist_bot - INFO - Attempting to connect to the database 1/5
2025-10-13 12:26:03,182 - movie_and_series_watchlist_bot - INFO - Connection to the database has been established successfully
2025-10-13 12:26:03,182 - movie_and_series_watchlist_bot - INFO - Attempting to run migrations
2025-10-13 12:28:15,156 - movie_and_series_watchlist_bot - INFO - Attempting to connect to the database 1/5
2025-10-13 12:28:15,168 - movie_and_series_watchlist_bot - INFO - Connection to the database has been established successfully
2025-10-13 12:28:15,169 - movie_and_series_watchlist_bot - INFO - Attempting to run migrations
2025-10-13 12:29:40,100 - movie_and_series_watchlist_bot - INFO - Attempting to connect to the database 1/5
2025-10-13 12:29:40,113 - movie_and_series_watchlist_bot - INFO - Connection to the database has been established successfully
2025-10-13 12:34:51,887 - movie_and_series_watchlist_bot - INFO - Attempting to connect to the database 1/5
2025-10-13 12:34:51,908 - movie_and_series_watchlist_bot - INFO - Connection to the database has been established successfully
2025-10-13 12:35:14,951 - movie_and_series_watchlist_bot - INFO - Attempting to connect to the database 1/5
2025-10-13 12:35:14,965 - movie_and_series_watchlist_bot - INFO - Connection to the database has been established successfully
2025-10-13 12:35:16,239 - movie_and_series_watchlist_bot - INFO - Attempting to run migrations
2025-10-13 12:36:03,826 - movie_and_series_watchlist_bot - INFO - Attempting to connect to the database 1/5
2025-10-13 12:36:03,840 - movie_and_series_watchlist_bot - INFO - Connection to the database has been established successfully
2025-10-13 12:36:04,581 - movie_and_series_watchlist_bot - INFO - Attempting to run migrations
2025-10-13 12:38:10,961 - movie_and_series_watchlist_bot - INFO - Attempting to connect to the database 1/5
2025-10-13 12:38:10,975 - movie_and_series_watchlist_bot - INFO - Connection to the database has been established successfully
2025-10-13 12:38:10,975 - movie_and_series_watchlist_bot - INFO - Attempting to run migrations
2025-10-13 12:38:30,181 - movie_and_series_watchlist_bot - INFO - Attempting to connect to the database 1/5
2025-10-13 12:38:30,215 - movie_and_series_watchlist_bot - INFO - Connection to the database has been established successfully
2025-10-13 12:38:30,216 - movie_and_series_watchlist_bot - INFO - Attempting to run migrations
2025-10-13 12:38:47,152 - movie_and_series_watchlist_bot - INFO - Attempting to connect to the database 1/5
2025-10-13 12:38:47,165 - movie_and_series_watchlist_bot - INFO - Connection to the database has been established successfully
2025-10-13 12:38:47,165 - movie_and_series_watchlist_bot - INFO - Attempting to run migrations
2025-10-13 12:38:50,462 - movie_and_series_watchlist_bot - INFO - Attempting to connect to the database 1/5
2025-10-13 12:38:50,474 - movie_and_series_watchlist_bot - INFO - Connection to the database has been established successfully
2025-10-13 12:38:50,474 - movie_and_series_watchlist_bot - INFO - Attempting to run migrations
2025-10-13 12:39:25,229 - movie_and_series_watchlist_bot - INFO - Attempting to run migrations
2025-10-13 12:39:33,344 - movie_and_series_watchlist_bot - INFO - Attempting to run migrations
2025-10-13 12:40:18,873 - movie_and_series_watchlist_bot - INFO - Attempting to connect to the database 1/5
2025-10-13 12:40:18,886 - movie_and_series_watchlist_bot - INFO - Connection to the database has been established successfully
2025-10-13 12:40:18,886 - movie_and_series_watchlist_bot - INFO - Attempting to run migrations
2025-10-13 12:40:50,174 - movie_and_series_watchlist_bot - INFO - Attempting to connect to the database 1/5
2025-10-13 12:40:50,187 - movie_and_series_watchlist_bot - INFO - Connection to the database has been established successfully
2025-10-13 12:40:50,187 - movie_and_series_watchlist_bot - INFO - Attempting to run migrations
2025-10-13 12:45:58,932 - movie_and_series_watchlist_bot - INFO - Attempting to connect to the database 1/5
2025-10-13 12:45:58,945 - movie_and_series_watchlist_bot - INFO - Connection to the database has been established successfully
2025-10-13 12:45:58,945 - movie_and_series_watchlist_bot - INFO - Attempting to run migrations
2025-10-13 12:48:18,243 - movie_and_series_watchlist_bot - INFO - Attempting to connect to the database 1/5
2025-10-13 12:48:18,255 - movie_and_series_watchlist_bot - INFO - Connection to the database has been established successfully
2025-10-13 12:48:18,256 - movie_and_series_watchlist_bot - INFO - Attempting to run migrations
2025-10-13 12:51:18,714 - movie_and_series_watchlist_bot - ERROR - Unexpected connection error: 'Logger' object has no attribute 'logger'
2025-10-13 12:51:44,940 - movie_and_series_watchlist_bot - ERROR - Unexpected connection error: 'Logger' object has no attribute 'logger'
2025-10-13 12:51:58,748 - movie_and_series_watchlist_bot - INFO - Attempting to connect to the database 1/5
2025-10-13 12:51:58,760 - movie_and_series_watchlist_bot - INFO - Connection to the database has been established successfully
2025-10-13 12:51:58,762 - movie_and_series_watchlist_bot - ERROR - Error applying migrations: 'Logger' object has no attribute 'logger'
2025-10-13 12:52:23,883 - movie_and_series_watchlist_bot - INFO - Attempting to connect to the database 1/5
2025-10-13 12:52:23,896 - movie_and_series_watchlist_bot - INFO - Connection to the database has been established successfully
2025-10-13 12:52:23,896 - movie_and_series_watchlist_bot - INFO - Attempting to run migrations
2025-10-13 12:55:26,568 - movie_and_series_watchlist_bot - INFO - Attempting to connect to the database 1/5
2025-10-13 12:55:26,606 - movie_and_series_watchlist_bot - INFO - Connection to the database has been established successfully
2025-10-13 12:55:26,606 - movie_and_series_watchlist_bot - INFO - Attempting to run migrations
2025-10-13 12:55:47,812 - movie_and_series_watchlist_bot - INFO - Attempting to connect to the database 1/5
2025-10-13 12:55:47,826 - movie_and_series_watchlist_bot - INFO - Connection to the database has been established successfully
2025-10-13 12:55:47,826 - movie_and_series_watchlist_bot - INFO - Attempting to run migrations
2025-10-13 12:59:31,957 - movie_and_series_watchlist_bot - INFO - Attempting to connect to the database 1/5
2025-10-13 12:59:31,969 - movie_and_series_watchlist_bot - INFO - Connection to the database has been established successfully
2025-10-13 12:59:31,970 - movie_and_series_watchlist_bot - INFO - Attempting to run migrations
2025-10-13 12:59:58,034 - movie_and_series_watchlist_bot - INFO - Attempting to run migrations
2025-10-13 13:00:30,850 - movie_and_series_watchlist_bot - INFO - Attempting to connect to the database 1/5
2025-10-13 13:00:30,864 - movie_and_series_watchlist_bot - INFO - Connection to the database has been established successfully
2025-10-13 13:00:30,864 - movie_and_series_watchlist_bot - INFO - Attempting to run migrations
2025-10-13 13:01:35,894 - movie_and_series_watchlist_bot - INFO - Attempting to connect to the database 1/5
2025-10-13 13:01:35,907 - movie_and_series_watchlist_bot - INFO - Connection to the database has been established successfully
2025-10-13 13:01:35,907 - movie_and_series_watchlist_bot - INFO - Attempting to run migrations
2025-10-13 13:04:33,917 - movie_and_series_watchlist_bot - INFO - Attempting to connect to the database 1/5
2025-10-13 13:04:33,929 - movie_and_series_watchlist_bot - INFO - Connection to the database has been established successfully
2025-10-13 13:04:33,931 - movie_and_series_watchlist_bot - INFO - Attempting to run migrations
2025-10-13 13:04:34,028 - movie_and_series_watchlist_bot - INFO - Migrations have been successfully applied
